<?xml version="1.0" encoding="UTF-8"?>
<!-- Generated by org.testng.reporters.JUnitXMLReporter -->
<testsuite ignored="0" hostname="DESKTOP-8M2LK81" failures="0" tests="3" name="Test" time="19.318" errors="0" timestamp="2024-02-01T17:39:28 IST">
  <testcase classname="com.saucedemo.TestClasses.VerifyUserAbleToAddMultipleProduct" name="addmultipleproduct" time="0.82"/>
  <testcase classname="com.saucedemo.TestClasses.VerifyLoginFunctionality" name="loginfunctionality" time="0.017"/>
  <testcase classname="com.saucedemo.TestClasses.VerifyUserAbleToAddSingleProduct" name="singleproductadd" time="0.206"/>
</testsuite> <!-- Test -->
