<?xml version="1.0" encoding="UTF-8"?>
<!-- Generated by org.testng.reporters.JUnitXMLReporter -->
<testsuite ignored="0" hostname="DESKTOP-8M2LK81" failures="0" tests="3" name=" High Priority Test" time="13.792" errors="0" timestamp="2024-02-06T14:34:01 IST">
  <testcase classname="com.saucedemo.TestClasses.VerifyUserAbleToAddMultipleProduct" name="addmultipleproduct" time="1.116"/>
  <testcase classname="com.saucedemo.TestClasses.VerifyLoginFunctionality" name="loginfunctionality" time="0.021"/>
  <testcase classname="com.saucedemo.TestClasses.VerifyUserAbleToAddSingleProduct" name="singleproductadd" time="0.156"/>
</testsuite> <!--  High Priority Test -->
