<?xml version="1.0" encoding="UTF-8"?>
<!-- Generated by org.testng.reporters.JUnitXMLReporter -->
<testsuite ignored="0" hostname="DESKTOP-8M2LK81" failures="0" tests="2" name=" Low Priority Test" time="6.831" errors="0" timestamp="2024-02-06T09:36:29 IST">
  <testcase classname="com.saucedemo.TestClasses.VerifyUserAbleToAddSingleProduct" name="singleproductadd" time="0.177"/>
  <testcase classname="com.saucedemo.TestClasses.VerifyUserAbleToAddMultipleProduct" name="addmultipleproduct" time="0.993"/>
</testsuite> <!--  Low Priority Test -->
