<?xml version="1.0" encoding="UTF-8"?>
<testng-results ignored="0" total="3" passed="3" failed="0" skipped="0">
  <reporter-output>
  </reporter-output>
  <suite started-at="2024-02-06T14:33:47 IST" name="Sanity Suite" finished-at="2024-02-06T14:34:01 IST" duration-ms="13792">
    <groups>
    </groups>
    <test started-at="2024-02-06T14:33:47 IST" name=" High Priority Test" finished-at="2024-02-06T14:34:01 IST" duration-ms="13792">
      <class name="com.saucedemo.TestClasses.VerifyUserAbleToAddMultipleProduct">
        <test-method is-config="true" signature="SetUp(java.lang.String)[pri:0, instance:com.saucedemo.TestClasses.VerifyUserAbleToAddMultipleProduct@1f59a598]" started-at="2024-02-06T14:33:47 IST" name="SetUp" finished-at="2024-02-06T14:33:58 IST" duration-ms="10844" status="PASS">
          <params>
            <param index="0">
              <value>
                <![CDATA[chrome]]>
              </value>
            </param>
          </params>
          <reporter-output>
          </reporter-output>
        </test-method> <!-- SetUp -->
        <test-method signature="addmultipleproduct()[pri:0, instance:com.saucedemo.TestClasses.VerifyUserAbleToAddMultipleProduct@1f59a598]" started-at="2024-02-06T14:33:58 IST" name="addmultipleproduct" finished-at="2024-02-06T14:33:59 IST" duration-ms="1116" status="PASS">
          <reporter-output>
          </reporter-output>
        </test-method> <!-- addmultipleproduct -->
        <test-method is-config="true" signature="TearDown()[pri:0, instance:com.saucedemo.TestClasses.VerifyUserAbleToAddMultipleProduct@1f59a598]" started-at="2024-02-06T14:33:59 IST" name="TearDown" finished-at="2024-02-06T14:34:00 IST" duration-ms="1056" status="PASS">
          <reporter-output>
          </reporter-output>
        </test-method> <!-- TearDown -->
      </class> <!-- com.saucedemo.TestClasses.VerifyUserAbleToAddMultipleProduct -->
      <class name="com.saucedemo.TestClasses.VerifyUserAbleToAddSingleProduct">
        <test-method is-config="true" signature="SetUp(java.lang.String)[pri:0, instance:com.saucedemo.TestClasses.VerifyUserAbleToAddSingleProduct@1e178745]" started-at="2024-02-06T14:33:47 IST" name="SetUp" finished-at="2024-02-06T14:34:00 IST" duration-ms="12999" status="PASS">
          <params>
            <param index="0">
              <value>
                <![CDATA[chrome]]>
              </value>
            </param>
          </params>
          <reporter-output>
          </reporter-output>
        </test-method> <!-- SetUp -->
        <test-method signature="singleproductadd()[pri:0, instance:com.saucedemo.TestClasses.VerifyUserAbleToAddSingleProduct@1e178745]" started-at="2024-02-06T14:34:00 IST" name="singleproductadd" finished-at="2024-02-06T14:34:00 IST" duration-ms="156" status="PASS">
          <reporter-output>
          </reporter-output>
        </test-method> <!-- singleproductadd -->
        <test-method is-config="true" signature="TearDown()[pri:0, instance:com.saucedemo.TestClasses.VerifyUserAbleToAddSingleProduct@1e178745]" started-at="2024-02-06T14:34:00 IST" name="TearDown" finished-at="2024-02-06T14:34:01 IST" duration-ms="524" status="PASS">
          <reporter-output>
          </reporter-output>
        </test-method> <!-- TearDown -->
      </class> <!-- com.saucedemo.TestClasses.VerifyUserAbleToAddSingleProduct -->
      <class name="com.saucedemo.TestClasses.VerifyLoginFunctionality">
        <test-method is-config="true" signature="SetUp(java.lang.String)[pri:0, instance:com.saucedemo.TestClasses.VerifyLoginFunctionality@70325e14]" started-at="2024-02-06T14:33:47 IST" name="SetUp" finished-at="2024-02-06T14:33:59 IST" duration-ms="12106" status="PASS">
          <params>
            <param index="0">
              <value>
                <![CDATA[chrome]]>
              </value>
            </param>
          </params>
          <reporter-output>
          </reporter-output>
        </test-method> <!-- SetUp -->
        <test-method signature="loginfunctionality()[pri:0, instance:com.saucedemo.TestClasses.VerifyLoginFunctionality@70325e14]" started-at="2024-02-06T14:33:59 IST" name="loginfunctionality" finished-at="2024-02-06T14:33:59 IST" duration-ms="21" status="PASS">
          <reporter-output>
          </reporter-output>
        </test-method> <!-- loginfunctionality -->
        <test-method is-config="true" signature="TearDown()[pri:0, instance:com.saucedemo.TestClasses.VerifyLoginFunctionality@70325e14]" started-at="2024-02-06T14:33:59 IST" name="TearDown" finished-at="2024-02-06T14:34:00 IST" duration-ms="801" status="PASS">
          <reporter-output>
          </reporter-output>
        </test-method> <!-- TearDown -->
      </class> <!-- com.saucedemo.TestClasses.VerifyLoginFunctionality -->
    </test> <!--  High Priority Test -->
  </suite> <!-- Sanity Suite -->
</testng-results>
